This is pdfTeX, Version 3.14159265-2.6-1.40.19 (MiKTeX 2.9.6730) (preloaded format=pdflatex 2018.11.21)  17 DEC 2018 12:26
entering extended mode
**./ClaseExamen.tex
(ClaseExamen.tex
LaTeX2e <2018-04-01> patch level 5
(examen.cls
Document Class: examen 2011/12/05
(D:\miktex\texmfs\install\tex\latex\base\article.cls
Document Class: article 2014/09/29 v1.4h Standard LaTeX document class
(D:\miktex\texmfs\install\tex\latex\base\size12.clo
File: size12.clo 2014/09/29 v1.4h Standard LaTeX file (size option)
)
\c@part=\count80
\c@section=\count81
\c@subsection=\count82
\c@subsubsection=\count83
\c@paragraph=\count84
\c@subparagraph=\count85
\c@figure=\count86
\c@table=\count87
\abovecaptionskip=\skip41
\belowcaptionskip=\skip42
\bibindent=\dimen102
)
(D:\miktex\texmfs\install\tex\generic\babel\babel.sty
Package: babel 2018/06/05 3.22 The Babel package

(D:\miktex\texmfs\install\tex\generic\babel\switch.def
File: switch.def 2018/06/05 3.22 Babel switching mechanism
)
*************************************
* Local config file bblopts.cfg used
*
(D:\miktex\texmfs\install\tex\latex\arabi\bblopts.cfg
File: bblopts.cfg 2005/09/08 v0.1 add Arabic and Farsi to "declared" options of
 babel
)
(D:\miktex\texmfs\install\tex\latex\babel-spanish\spanish.ldf
Language: spanish.ldf 2016/03/03 v5.0p Spanish support from the babel system

(D:\miktex\texmfs\install\tex\generic\babel\babel.def
File: babel.def 2018/06/05 3.22 Babel common definitions
\babel@savecnt=\count88
\U@D=\dimen103

(D:\miktex\texmfs\install\tex\generic\babel\txtbabel.def)
\bbl@dirlevel=\count89
)

Package babel Warning: No hyphenation patterns were preloaded for
(babel)                the language `Spanish' into the format.
(babel)                Please, configure your TeX system to add them and
(babel)                rebuild the format. Now I will use the patterns
(babel)                preloaded for \language=0 instead on input line 51.

\l@spanish = a dialect from \language0
\es@quottoks=\toks14
\es@quotdepth=\count90
Package babel Info: Making " an active character on input line 561.
Package babel Info: Making . an active character on input line 662.
Package babel Info: Making < an active character on input line 707.
Package babel Info: Making > an active character on input line 707.
Package babel Info: Making ' an active character on input line 725.
)) (D:\miktex\texmfs\install\tex\latex\base\inputenc.sty
Package: inputenc 2018/04/06 v1.3b Input encoding file
\inpenc@prehook=\toks15
\inpenc@posthook=\toks16

(D:\miktex\texmfs\install\tex\latex\base\latin1.def
File: latin1.def 2018/04/06 v1.3b Input encoding file
))
(D:\miktex\texmfs\install\tex\latex\graphics\graphicx.sty
Package: graphicx 2017/06/01 v1.1a Enhanced LaTeX Graphics (DPC,SPQR)

(D:\miktex\texmfs\install\tex\latex\graphics\keyval.sty
Package: keyval 2014/10/28 v1.15 key=value parser (DPC)
\KV@toks@=\toks17
)
(D:\miktex\texmfs\install\tex\latex\graphics\graphics.sty
Package: graphics 2017/06/25 v1.2c Standard LaTeX Graphics (DPC,SPQR)

(D:\miktex\texmfs\install\tex\latex\graphics\trig.sty
Package: trig 2016/01/03 v1.10 sin cos tan (DPC)
)
(D:\miktex\texmfs\install\tex\latex\graphics-cfg\graphics.cfg
File: graphics.cfg 2016/06/04 v1.11 sample graphics configuration
)
Package graphics Info: Driver file: pdftex.def on input line 99.

(D:\miktex\texmfs\install\tex\latex\graphics-def\pdftex.def
File: pdftex.def 2018/01/08 v1.0l Graphics/color driver for pdftex
))
\Gin@req@height=\dimen104
\Gin@req@width=\dimen105
)
(D:\miktex\texmfs\install\tex\latex\fancybox\fancybox.sty
Package: fancybox 2010/05/15 1.4

Style option: `fancybox' v1.4 <2010/05/15> (tvz)
\@fancybox=\box26
\shadowsize=\dimen106
\@Sbox=\box27
\do@VerbBox=\toks18
\the@fancyput=\toks19
\this@fancyput=\toks20
\EndVerbatimTokens=\toks21
\Verbatim@Outfile=\write3
\Verbatim@Infile=\read1
) (D:\miktex\texmfs\install\tex\latex\graphics\color.sty
Package: color 2016/07/10 v1.1e Standard LaTeX Color (DPC)

(D:\miktex\texmfs\install\tex\latex\graphics-cfg\color.cfg
File: color.cfg 2016/01/02 v1.6 sample color configuration
)
Package color Info: Driver file: pdftex.def on input line 147.
)
(D:\miktex\texmfs\install\tex\latex\base\graphpap.sty
Package: graphpap 1994/08/09 v1.0c Standard LaTeX graphpap package (LL)
)
\c@numpregunta=\count91
\puntos=\skip43
) (ClaseExamen.aux
LaTeX Info: Redefining \. on input line 8.
LaTeX Info: Redefining \% on input line 8.
)
\openout1 = `ClaseExamen.aux'.

LaTeX Font Info:    Checking defaults for OML/cmm/m/it on input line 3.
LaTeX Font Info:    ... okay on input line 3.
LaTeX Font Info:    Checking defaults for T1/cmr/m/n on input line 3.
LaTeX Font Info:    ... okay on input line 3.
LaTeX Font Info:    Checking defaults for OT1/cmr/m/n on input line 3.
LaTeX Font Info:    ... okay on input line 3.
LaTeX Font Info:    Checking defaults for OMS/cmsy/m/n on input line 3.
LaTeX Font Info:    ... okay on input line 3.
LaTeX Font Info:    Checking defaults for OMX/cmex/m/n on input line 3.
LaTeX Font Info:    ... okay on input line 3.
LaTeX Font Info:    Checking defaults for U/cmr/m/n on input line 3.
LaTeX Font Info:    ... okay on input line 3.
LaTeX Info: Redefining \. on input line 3.
LaTeX Info: Redefining \% on input line 3.

(D:\miktex\texmfs\install\tex\context\base\supp-pdf.mkii
[Loading MPS to PDF converter (version 2006.09.02).]
\scratchcounter=\count92
\scratchdimen=\dimen107
\scratchbox=\box28
\nofMPsegments=\count93
\nofMParguments=\count94
\everyMPshowfont=\toks22
\MPscratchCnt=\count95
\MPscratchDim=\dimen108
\MPnumerator=\count96
\makeMPintoPDFobject=\count97
\everyMPtoPDFconversion=\toks23
) (D:\miktex\texmfs\install\tex\latex\oberdiek\epstopdf-base.sty
Package: epstopdf-base 2016/05/15 v2.6 Base part for package epstopdf

(D:\miktex\texmfs\install\tex\generic\oberdiek\infwarerr.sty
Package: infwarerr 2016/05/16 v1.4 Providing info/warning/error messages (HO)
)
(D:\miktex\texmfs\install\tex\latex\oberdiek\grfext.sty
Package: grfext 2016/05/16 v1.2 Manage graphics extensions (HO)

(D:\miktex\texmfs\install\tex\generic\oberdiek\kvdefinekeys.sty
Package: kvdefinekeys 2016/05/16 v1.4 Define keys (HO)

(D:\miktex\texmfs\install\tex\generic\oberdiek\ltxcmds.sty
Package: ltxcmds 2016/05/16 v1.23 LaTeX kernel commands for general use (HO)
)))
(D:\miktex\texmfs\install\tex\latex\oberdiek\kvoptions.sty
Package: kvoptions 2016/05/16 v3.12 Key value format for package options (HO)

(D:\miktex\texmfs\install\tex\generic\oberdiek\kvsetkeys.sty
Package: kvsetkeys 2016/05/16 v1.17 Key value parser (HO)

(D:\miktex\texmfs\install\tex\generic\oberdiek\etexcmds.sty
Package: etexcmds 2016/05/16 v1.6 Avoid name clashes with e-TeX commands (HO)

(D:\miktex\texmfs\install\tex\generic\oberdiek\ifluatex.sty
Package: ifluatex 2016/05/16 v1.4 Provides the ifluatex switch (HO)
Package ifluatex Info: LuaTeX not detected.
)
Package etexcmds Info: Could not find \expanded.
(etexcmds)             That can mean that you are not using pdfTeX 1.50 or
(etexcmds)             that some package has redefined \expanded.
(etexcmds)             In the latter case, load this package earlier.
)))
(D:\miktex\texmfs\install\tex\generic\oberdiek\pdftexcmds.sty
Package: pdftexcmds 2018/01/30 v0.27 Utility functions of pdfTeX for LuaTeX (HO
)

(D:\miktex\texmfs\install\tex\generic\oberdiek\ifpdf.sty
Package: ifpdf 2017/03/15 v3.2 Provides the ifpdf switch
)
Package pdftexcmds Info: LuaTeX not detected.
Package pdftexcmds Info: \pdf@primitive is available.
Package pdftexcmds Info: \pdf@ifprimitive is available.
Package pdftexcmds Info: \pdfdraftmode found.
)
Package epstopdf-base Info: Redefining graphics rule for `.eps' on input line 4
38.
Package grfext Info: Graphics extension search list:
(grfext)             [.pdf,.png,.jpg,.mps,.jpeg,.jbig2,.jb2,.PDF,.PNG,.JPG,.JPE
G,.JBIG2,.JB2,.eps]
(grfext)             \AppendGraphicsExtensions on input line 456.
)
<examen-img/Escudo.png, id=1, 272.01625pt x 323.2075pt>
File: examen-img/Escudo.png Graphic file (type png)
<use examen-img/Escudo.png>
Package pdftex.def Info: examen-img/Escudo.png  used on input line 8.
(pdftex.def)             Requested size: 39.00238pt x 46.33865pt.
LaTeX Font Info:    External font `cmex10' loaded for size
(Font)              <12> on input line 27.
LaTeX Font Info:    External font `cmex10' loaded for size
(Font)              <8> on input line 27.
LaTeX Font Info:    External font `cmex10' loaded for size
(Font)              <6> on input line 27.
<ej1.png, id=2, 1917.1625pt x 707.64375pt>
File: ej1.png Graphic file (type png)
<use ej1.png>
Package pdftex.def Info: ej1.png  used on input line 31.
(pdftex.def)             Requested size: 390.0pt x 143.94493pt.
 [1

{D:/miktex/texmfs/data/pdftex/config/pdftex.map} <./examen-img/Escudo.png> <./e
j1.png>]
<ej2.png, id=14, 1186.4325pt x 700.6175pt>
File: ej2.png Graphic file (type png)
<use ej2.png>
Package pdftex.def Info: ej2.png  used on input line 49.
(pdftex.def)             Requested size: 390.0pt x 230.30647pt.
<rejilla.png, id=15, 1064.97874pt x 444.66125pt>
File: rejilla.png Graphic file (type png)
<use rejilla.png>
Package pdftex.def Info: rejilla.png  used on input line 55.
(pdftex.def)             Requested size: 390.0pt x 162.83263pt.


LaTeX Warning: `h' float specifier changed to `ht'.

[2 <./ej2.png>]
LaTeX Font Info:    Try loading font information for OMS+cmr on input line 79.
 (D:\miktex\texmfs\install\tex\latex\base\omscmr.fd
File: omscmr.fd 2014/09/29 v2.5h Standard LaTeX font definitions
)
LaTeX Font Info:    Font shape `OMS/cmr/m/n' in size <12> not available
(Font)              Font shape `OMS/cmsy/m/n' tried instead on input line 79.
 [3 <./rejilla.png>]
<ej31.png, id=26, 286.82156pt x 575.90157pt>
File: ej31.png Graphic file (type png)
<use ej31.png>
Package pdftex.def Info: ej31.png  used on input line 84.
(pdftex.def)             Requested size: 234.00238pt x 469.86092pt.


LaTeX Warning: `h' float specifier changed to `ht'.

<ej32.png, id=27, 1271.75125pt x 521.95pt>
File: ej32.png Graphic file (type png)
<use ej32.png>
Package pdftex.def Info: ej32.png  used on input line 90.
(pdftex.def)             Requested size: 390.0pt x 160.0666pt.

LaTeX Warning: `h' float specifier changed to `ht'.

[4] [5] [6 <./ej31.png>] [7 <./ej32.png>] (ClaseExamen.aux
LaTeX Info: Redefining \. on input line 8.
LaTeX Info: Redefining \% on input line 8.
)

LaTeX Warning: Label(s) may have changed. Rerun to get cross-references right.

 ) 
Here is how much of TeX's memory you used:
 2731 strings out of 494872
 37608 string characters out of 3178911
 108584 words of memory out of 3000000
 6315 multiletter control sequences out of 15000+200000
 7500 words of font info for 27 fonts, out of 3000000 for 9000
 14 hyphenation exceptions out of 8191
 41i,6n,33p,280b,359s stack positions out of 5000i,500n,10000p,200000b,50000s
<D:/miktex/texmfs/install/fonts/type1/public/amsfonts/cm/cmbx12.pfb><D:/mikte
x/texmfs/install/fonts/type1/public/amsfonts/cm/cmcsc10.pfb><D:/miktex/texmfs/i
nstall/fonts/type1/public/amsfonts/cm/cmr10.pfb><D:/miktex/texmfs/install/fonts
/type1/public/amsfonts/cm/cmr12.pfb><D:/miktex/texmfs/install/fonts/type1/publi
c/amsfonts/cm/cmsy10.pfb><D:/miktex/texmfs/install/fonts/type1/public/amsfonts/
cm/cmti12.pfb><D:/miktex/texmfs/install/fonts/type1/public/amsfonts/cm/cmtt12.p
fb><D:/miktex/texmfs/install/fonts/type1/public/amsfonts/latxfont/lcircle1.pfb>
Output written on ClaseExamen.pdf (7 pages, 565151 bytes).
PDF statistics:
 69 PDF objects out of 1000 (max. 8388607)
 0 named destinations out of 1000 (max. 500000)
 31 words of extra memory for PDF output out of 10000 (max. 10000000)

