This is pdfTeX, Version 3.14159265-2.6-1.40.19 (MiKTeX 2.9.6730) (preloaded format=pdflatex 2018.11.21)  21 JUN 2019 10:12
entering extended mode
**./ClaseExamen.tex
(ClaseExamen.tex
LaTeX2e <2018-04-01> patch level 5
(examen.cls
Document Class: examen 2011/12/05
(D:\miktex\texmfs\install\tex\latex\base\article.cls
Document Class: article 2014/09/29 v1.4h Standard LaTeX document class
(D:\miktex\texmfs\install\tex\latex\base\size10.clo
File: size10.clo 2014/09/29 v1.4h Standard LaTeX file (size option)
)
\c@part=\count80
\c@section=\count81
\c@subsection=\count82
\c@subsubsection=\count83
\c@paragraph=\count84
\c@subparagraph=\count85
\c@figure=\count86
\c@table=\count87
\abovecaptionskip=\skip41
\belowcaptionskip=\skip42
\bibindent=\dimen102
)
(D:\miktex\texmfs\install\tex\generic\babel\babel.sty
Package: babel 2018/06/05 3.22 The Babel package

(D:\miktex\texmfs\install\tex\generic\babel\switch.def
File: switch.def 2018/06/05 3.22 Babel switching mechanism
)
*************************************
* Local config file bblopts.cfg used
*
(D:\miktex\texmfs\install\tex\latex\arabi\bblopts.cfg
File: bblopts.cfg 2005/09/08 v0.1 add Arabic and Farsi to "declared" options of
 babel
)
(D:\miktex\texmfs\install\tex\latex\babel-spanish\spanish.ldf
Language: spanish.ldf 2016/03/03 v5.0p Spanish support from the babel system

(D:\miktex\texmfs\install\tex\generic\babel\babel.def
File: babel.def 2018/06/05 3.22 Babel common definitions
\babel@savecnt=\count88
\U@D=\dimen103

(D:\miktex\texmfs\install\tex\generic\babel\txtbabel.def)
\bbl@dirlevel=\count89
)

Package babel Warning: No hyphenation patterns were preloaded for
(babel)                the language `Spanish' into the format.
(babel)                Please, configure your TeX system to add them and
(babel)                rebuild the format. Now I will use the patterns
(babel)                preloaded for \language=0 instead on input line 51.

\l@spanish = a dialect from \language0
\es@quottoks=\toks14
\es@quotdepth=\count90
Package babel Info: Making " an active character on input line 561.
Package babel Info: Making . an active character on input line 662.
Package babel Info: Making < an active character on input line 707.
Package babel Info: Making > an active character on input line 707.
Package babel Info: Making ' an active character on input line 725.
)) (D:\miktex\texmfs\install\tex\latex\base\inputenc.sty
Package: inputenc 2018/04/06 v1.3b Input encoding file
\inpenc@prehook=\toks15
\inpenc@posthook=\toks16

(D:\miktex\texmfs\install\tex\latex\base\latin1.def
File: latin1.def 2018/04/06 v1.3b Input encoding file
))
(D:\miktex\texmfs\install\tex\latex\graphics\graphicx.sty
Package: graphicx 2017/06/01 v1.1a Enhanced LaTeX Graphics (DPC,SPQR)

(D:\miktex\texmfs\install\tex\latex\graphics\keyval.sty
Package: keyval 2014/10/28 v1.15 key=value parser (DPC)
\KV@toks@=\toks17
)
(D:\miktex\texmfs\install\tex\latex\graphics\graphics.sty
Package: graphics 2017/06/25 v1.2c Standard LaTeX Graphics (DPC,SPQR)

(D:\miktex\texmfs\install\tex\latex\graphics\trig.sty
Package: trig 2016/01/03 v1.10 sin cos tan (DPC)
)
(D:\miktex\texmfs\install\tex\latex\graphics-cfg\graphics.cfg
File: graphics.cfg 2016/06/04 v1.11 sample graphics configuration
)
Package graphics Info: Driver file: pdftex.def on input line 99.

(D:\miktex\texmfs\install\tex\latex\graphics-def\pdftex.def
File: pdftex.def 2018/01/08 v1.0l Graphics/color driver for pdftex
))
\Gin@req@height=\dimen104
\Gin@req@width=\dimen105
)
(D:\miktex\texmfs\install\tex\latex\fancybox\fancybox.sty
Package: fancybox 2010/05/15 1.4

Style option: `fancybox' v1.4 <2010/05/15> (tvz)
\@fancybox=\box26
\shadowsize=\dimen106
\@Sbox=\box27
\do@VerbBox=\toks18
\the@fancyput=\toks19
\this@fancyput=\toks20
\EndVerbatimTokens=\toks21
\Verbatim@Outfile=\write3
\Verbatim@Infile=\read1
) (D:\miktex\texmfs\install\tex\latex\graphics\color.sty
Package: color 2016/07/10 v1.1e Standard LaTeX Color (DPC)

(D:\miktex\texmfs\install\tex\latex\graphics-cfg\color.cfg
File: color.cfg 2016/01/02 v1.6 sample color configuration
)
Package color Info: Driver file: pdftex.def on input line 147.
)
(D:\miktex\texmfs\install\tex\latex\base\graphpap.sty
Package: graphpap 1994/08/09 v1.0c Standard LaTeX graphpap package (LL)
)
\c@numpregunta=\count91
\puntos=\skip43
)
(D:\miktex\texmfs\install\tex\latex\listings\listings.sty
\lst@mode=\count92
\lst@gtempboxa=\box28
\lst@token=\toks22
\lst@length=\count93
\lst@currlwidth=\dimen107
\lst@column=\count94
\lst@pos=\count95
\lst@lostspace=\dimen108
\lst@width=\dimen109
\lst@newlines=\count96
\lst@lineno=\count97
\lst@maxwidth=\dimen110

(D:\miktex\texmfs\install\tex\latex\listings\lstmisc.sty
File: lstmisc.sty 2019/02/27 1.8b (Carsten Heinz)
\c@lstnumber=\count98
\lst@skipnumbers=\count99
\lst@framebox=\box29
)
(D:\miktex\texmfs\install\tex\latex\listings\listings.cfg
File: listings.cfg 2019/02/27 1.8b listings configuration
))
Package: listings 2019/02/27 1.8b (Carsten Heinz)


LaTeX Warning: Unused global option(s):
    [14pt].

(ClaseExamen.aux
LaTeX Info: Redefining \. on input line 8.
LaTeX Info: Redefining \% on input line 8.
)
\openout1 = `ClaseExamen.aux'.

LaTeX Font Info:    Checking defaults for OML/cmm/m/it on input line 3.
LaTeX Font Info:    ... okay on input line 3.
LaTeX Font Info:    Checking defaults for T1/cmr/m/n on input line 3.
LaTeX Font Info:    ... okay on input line 3.
LaTeX Font Info:    Checking defaults for OT1/cmr/m/n on input line 3.
LaTeX Font Info:    ... okay on input line 3.
LaTeX Font Info:    Checking defaults for OMS/cmsy/m/n on input line 3.
LaTeX Font Info:    ... okay on input line 3.
LaTeX Font Info:    Checking defaults for OMX/cmex/m/n on input line 3.
LaTeX Font Info:    ... okay on input line 3.
LaTeX Font Info:    Checking defaults for U/cmr/m/n on input line 3.
LaTeX Font Info:    ... okay on input line 3.
LaTeX Info: Redefining \. on input line 3.
LaTeX Info: Redefining \% on input line 3.
 (D:\miktex\texmfs\install\tex\context\base\supp-pdf.mkii
[Loading MPS to PDF converter (version 2006.09.02).]
\scratchcounter=\count100
\scratchdimen=\dimen111
\scratchbox=\box30
\nofMPsegments=\count101
\nofMParguments=\count102
\everyMPshowfont=\toks23
\MPscratchCnt=\count103
\MPscratchDim=\dimen112
\MPnumerator=\count104
\makeMPintoPDFobject=\count105
\everyMPtoPDFconversion=\toks24
) (D:\miktex\texmfs\install\tex\latex\oberdiek\epstopdf-base.sty
Package: epstopdf-base 2016/05/15 v2.6 Base part for package epstopdf

(D:\miktex\texmfs\install\tex\generic\oberdiek\infwarerr.sty
Package: infwarerr 2016/05/16 v1.4 Providing info/warning/error messages (HO)
)
(D:\miktex\texmfs\install\tex\latex\oberdiek\grfext.sty
Package: grfext 2016/05/16 v1.2 Manage graphics extensions (HO)

(D:\miktex\texmfs\install\tex\generic\oberdiek\kvdefinekeys.sty
Package: kvdefinekeys 2016/05/16 v1.4 Define keys (HO)

(D:\miktex\texmfs\install\tex\generic\oberdiek\ltxcmds.sty
Package: ltxcmds 2016/05/16 v1.23 LaTeX kernel commands for general use (HO)
)))
(D:\miktex\texmfs\install\tex\latex\oberdiek\kvoptions.sty
Package: kvoptions 2016/05/16 v3.12 Key value format for package options (HO)

(D:\miktex\texmfs\install\tex\generic\oberdiek\kvsetkeys.sty
Package: kvsetkeys 2016/05/16 v1.17 Key value parser (HO)

(D:\miktex\texmfs\install\tex\generic\oberdiek\etexcmds.sty
Package: etexcmds 2016/05/16 v1.6 Avoid name clashes with e-TeX commands (HO)

(D:\miktex\texmfs\install\tex\generic\oberdiek\ifluatex.sty
Package: ifluatex 2016/05/16 v1.4 Provides the ifluatex switch (HO)
Package ifluatex Info: LuaTeX not detected.
)
Package etexcmds Info: Could not find \expanded.
(etexcmds)             That can mean that you are not using pdfTeX 1.50 or
(etexcmds)             that some package has redefined \expanded.
(etexcmds)             In the latter case, load this package earlier.
)))
(D:\miktex\texmfs\install\tex\generic\oberdiek\pdftexcmds.sty
Package: pdftexcmds 2018/01/30 v0.27 Utility functions of pdfTeX for LuaTeX (HO
)

(D:\miktex\texmfs\install\tex\generic\oberdiek\ifpdf.sty
Package: ifpdf 2017/03/15 v3.2 Provides the ifpdf switch
)
Package pdftexcmds Info: LuaTeX not detected.
Package pdftexcmds Info: \pdf@primitive is available.
Package pdftexcmds Info: \pdf@ifprimitive is available.
Package pdftexcmds Info: \pdfdraftmode found.
)
Package epstopdf-base Info: Redefining graphics rule for `.eps' on input line 4
38.
Package grfext Info: Graphics extension search list:
(grfext)             [.pdf,.png,.jpg,.mps,.jpeg,.jbig2,.jb2,.PDF,.PNG,.JPG,.JPE
G,.JBIG2,.JB2,.eps]
(grfext)             \AppendGraphicsExtensions on input line 456.
)
\c@lstlisting=\count106
<examen-img/Escudo.png, id=1, 272.01625pt x 323.2075pt>
File: examen-img/Escudo.png Graphic file (type png)
<use examen-img/Escudo.png>
Package pdftex.def Info: examen-img/Escudo.png  used on input line 5.
(pdftex.def)             Requested size: 34.5021pt x 40.99265pt.
LaTeX Font Info:    External font `cmex10' loaded for size
(Font)              <7> on input line 17.
LaTeX Font Info:    External font `cmex10' loaded for size
(Font)              <5> on input line 17.
 [1

{D:/miktex/texmfs/data/pdftex/config/pdftex.map} <./examen-img/Escudo.png>] [2]
 [3]
(ClaseExamen.aux
LaTeX Info: Redefining \. on input line 8.
LaTeX Info: Redefining \% on input line 8.
) ) 
Here is how much of TeX's memory you used:
 4008 strings out of 494872
 56010 string characters out of 3178911
 129222 words of memory out of 3000000
 7597 multiletter control sequences out of 15000+200000
 5062 words of font info for 19 fonts, out of 3000000 for 9000
 14 hyphenation exceptions out of 8191
 41i,6n,33p,280b,359s stack positions out of 5000i,500n,10000p,200000b,50000s
<D:/miktex/texmfs/install/fonts/type1/public/amsfonts/cm/cmbx10.pfb><D:/mikt
ex/texmfs/install/fonts/type1/public/amsfonts/cm/cmcsc10.pfb><D:/miktex/texmfs/
install/fonts/type1/public/amsfonts/cm/cmr10.pfb><D:/miktex/texmfs/install/font
s/type1/public/amsfonts/cm/cmr8.pfb><D:/miktex/texmfs/install/fonts/type1/publi
c/amsfonts/cm/cmti10.pfb><D:/miktex/texmfs/install/fonts/type1/public/amsfonts/
cm/cmtt10.pfb><D:/miktex/texmfs/install/fonts/type1/public/amsfonts/latxfont/lc
ircle1.pfb>
Output written on ClaseExamen.pdf (3 pages, 256404 bytes).
PDF statistics:
 41 PDF objects out of 1000 (max. 8388607)
 0 named destinations out of 1000 (max. 500000)
 6 words of extra memory for PDF output out of 10000 (max. 10000000)

