This is pdfTeX, Version 3.1415926-2.5-1.40.14 (MiKTeX 2.9) (preloaded format=pdflatex 2014.3.19)  12 DEC 2018 14:00
entering extended mode
**ClaseExamen.tex

("F:\Oscar\repos\p_tests\hoy\marcas\examen-2-css -alt2(sin float desordenados)\
ClaseExamen.tex"
LaTeX2e <2011/06/27>
Babel <v3.8m> and hyphenation patterns for english, afrikaans, ancientgreek, ar
abic, armenian, assamese, basque, bengali, bokmal, bulgarian, catalan, coptic, 
croatian, czech, danish, dutch, esperanto, estonian, farsi, finnish, french, ga
lician, german, german-x-2013-05-26, greek, gujarati, hindi, hungarian, iceland
ic, indonesian, interlingua, irish, italian, kannada, kurmanji, latin, latvian,
 lithuanian, malayalam, marathi, mongolian, mongolianlmc, monogreek, ngerman, n
german-x-2013-05-26, nynorsk, oriya, panjabi, pinyin, polish, portuguese, roman
ian, russian, sanskrit, serbian, slovak, slovenian, spanish, swedish, swissgerm
an, tamil, telugu, turkish, turkmen, ukenglish, ukrainian, uppersorbian, usengl
ishmax, welsh, loaded.

("F:\Oscar\repos\p_tests\hoy\marcas\examen-2-css -alt2(sin float desordenados)\
examen.cls"
Document Class: examen 2011/12/05
("C:\Program Files (x86)\MiKTeX 2.9\tex\latex\base\article.cls"
Document Class: article 2007/10/19 v1.4h Standard LaTeX document class
("C:\Program Files (x86)\MiKTeX 2.9\tex\latex\base\size12.clo"
File: size12.clo 2007/10/19 v1.4h Standard LaTeX file (size option)
)
\c@part=\count79
\c@section=\count80
\c@subsection=\count81
\c@subsubsection=\count82
\c@paragraph=\count83
\c@subparagraph=\count84
\c@figure=\count85
\c@table=\count86
\abovecaptionskip=\skip41
\belowcaptionskip=\skip42
\bibindent=\dimen102
)
("C:\Program Files (x86)\MiKTeX 2.9\tex\generic\babel\babel.sty"
Package: babel 2008/07/08 v3.8m The Babel package

*************************************
* Local config file bblopts.cfg used
*
("C:\Program Files (x86)\MiKTeX 2.9\tex\latex\00miktex\bblopts.cfg"
File: bblopts.cfg 2006/07/31 v1.0 MiKTeX 'babel' configuration
)
("C:\Program Files (x86)\MiKTeX 2.9\tex\generic\babel\spanish.ldf"
Language: spanish.ldf 2009/01/02 v5.0h Spanish support from the babel system

("C:\Program Files (x86)\MiKTeX 2.9\tex\generic\babel\babel.def"
File: babel.def 2008/07/08 v3.8m Babel common definitions
\babel@savecnt=\count87
\U@D=\dimen103
)
\es@datefmt=\count88
\es@quottoks=\toks14
\es@quotdepth=\count89
Package babel Info: Making " an active character on input line 492.
Package babel Info: Making . an active character on input line 585.
Package babel Info: Making < an active character on input line 630.
Package babel Info: Making > an active character on input line 630.
Package babel Info: Making ' an active character on input line 657.
))
("C:\Program Files (x86)\MiKTeX 2.9\tex\latex\base\inputenc.sty"
Package: inputenc 2008/03/30 v1.1d Input encoding file
\inpenc@prehook=\toks15
\inpenc@posthook=\toks16

("C:\Program Files (x86)\MiKTeX 2.9\tex\latex\base\latin1.def"
File: latin1.def 2008/03/30 v1.1d Input encoding file
))
("C:\Program Files (x86)\MiKTeX 2.9\tex\latex\graphics\graphicx.sty"
Package: graphicx 1999/02/16 v1.0f Enhanced LaTeX Graphics (DPC,SPQR)

("C:\Program Files (x86)\MiKTeX 2.9\tex\latex\graphics\keyval.sty"
Package: keyval 1999/03/16 v1.13 key=value parser (DPC)
\KV@toks@=\toks17
)
("C:\Program Files (x86)\MiKTeX 2.9\tex\latex\graphics\graphics.sty"
Package: graphics 2009/02/05 v1.0o Standard LaTeX Graphics (DPC,SPQR)

("C:\Program Files (x86)\MiKTeX 2.9\tex\latex\graphics\trig.sty"
Package: trig 1999/03/16 v1.09 sin cos tan (DPC)
)
("C:\Program Files (x86)\MiKTeX 2.9\tex\latex\00miktex\graphics.cfg"
File: graphics.cfg 2007/01/18 v1.5 graphics configuration of teTeX/TeXLive
)
Package graphics Info: Driver file: pdftex.def on input line 91.

("C:\Program Files (x86)\MiKTeX 2.9\tex\latex\pdftex-def\pdftex.def"
File: pdftex.def 2011/05/27 v0.06d Graphics/color for pdfTeX

("C:\Program Files (x86)\MiKTeX 2.9\tex\generic\oberdiek\infwarerr.sty"
Package: infwarerr 2010/04/08 v1.3 Providing info/warning/error messages (HO)
)
("C:\Program Files (x86)\MiKTeX 2.9\tex\generic\oberdiek\ltxcmds.sty"
Package: ltxcmds 2011/11/09 v1.22 LaTeX kernel commands for general use (HO)
)
\Gread@gobject=\count90
))
\Gin@req@height=\dimen104
\Gin@req@width=\dimen105
)
(C:\Users\Profesor\AppData\Roaming\MiKTeX\2.9\tex\latex\fancybox\fancybox.sty
Package: fancybox 2010/05/15 1.4

Style option: `fancybox' v1.4 <2010/05/15> (tvz)
\@fancybox=\box26
\shadowsize=\dimen106
\@Sbox=\box27
\do@VerbBox=\toks18
\the@fancyput=\toks19
\this@fancyput=\toks20
\EndVerbatimTokens=\toks21
\Verbatim@Outfile=\write3
\Verbatim@Infile=\read1
) ("C:\Program Files (x86)\MiKTeX 2.9\tex\latex\graphics\color.sty"
Package: color 2005/11/14 v1.0j Standard LaTeX Color (DPC)

("C:\Program Files (x86)\MiKTeX 2.9\tex\latex\00miktex\color.cfg"
File: color.cfg 2007/01/18 v1.5 color configuration of teTeX/TeXLive
)
Package color Info: Driver file: pdftex.def on input line 130.
)
("C:\Program Files (x86)\MiKTeX 2.9\tex\latex\base\graphpap.sty"
Package: graphpap 1994/08/09 v1.0c Standard LaTeX graphpap package (LL)
)
\c@numpregunta=\count91
\puntos=\skip43
)
("F:\Oscar\repos\p_tests\hoy\marcas\examen-2-css -alt2(sin float desordenados)\
ClaseExamen.aux")
LaTeX Font Info:    Checking defaults for OML/cmm/m/it on input line 3.
LaTeX Font Info:    ... okay on input line 3.
LaTeX Font Info:    Checking defaults for T1/cmr/m/n on input line 3.
LaTeX Font Info:    ... okay on input line 3.
LaTeX Font Info:    Checking defaults for OT1/cmr/m/n on input line 3.
LaTeX Font Info:    ... okay on input line 3.
LaTeX Font Info:    Checking defaults for OMS/cmsy/m/n on input line 3.
LaTeX Font Info:    ... okay on input line 3.
LaTeX Font Info:    Checking defaults for OMX/cmex/m/n on input line 3.
LaTeX Font Info:    ... okay on input line 3.
LaTeX Font Info:    Checking defaults for U/cmr/m/n on input line 3.
LaTeX Font Info:    ... okay on input line 3.

(C:\Users\Profesor\AppData\Roaming\MiKTeX\2.9\tex\context\base\supp-pdf.mkii
[Loading MPS to PDF converter (version 2006.09.02).]
\scratchcounter=\count92
\scratchdimen=\dimen107
\scratchbox=\box28
\nofMPsegments=\count93
\nofMParguments=\count94
\everyMPshowfont=\toks22
\MPscratchCnt=\count95
\MPscratchDim=\dimen108
\MPnumerator=\count96
\makeMPintoPDFobject=\count97
\everyMPtoPDFconversion=\toks23
) <examen-img/Escudo.png, id=1, 272.01625pt x 323.2075pt>
File: examen-img/Escudo.png Graphic file (type png)

<use examen-img/Escudo.png>
Package pdftex.def Info: examen-img/Escudo.png used on input line 8.
(pdftex.def)             Requested size: 39.00238pt x 46.33865pt.
LaTeX Font Info:    External font `cmex10' loaded for size
(Font)              <12> on input line 27.
LaTeX Font Info:    External font `cmex10' loaded for size
(Font)              <8> on input line 27.
LaTeX Font Info:    External font `cmex10' loaded for size
(Font)              <6> on input line 27.
 <ej1.png, id=2, 1917.1625pt x 707.64375pt>
File: ej1.png Graphic file (type png)

<use ej1.png>
Package pdftex.def Info: ej1.png used on input line 31.
(pdftex.def)             Requested size: 390.0pt x 143.94493pt.
 [1

{C:/Users/Profesor/AppData/Local/MiKTeX/2.9/pdftex/config/pdftex.map} <F:/Oscar
/repos/p_tests/hoy/marcas/examen-2-css -alt2(sin float desordenados)/examen-img
/Escudo.png> <F:/Oscar/repos/p_tests/hoy/marcas/examen-2-css -alt2(sin float de
sordenados)/ej1.png>]
<ej2.png, id=14, 1186.4325pt x 700.6175pt>
File: ej2.png Graphic file (type png)
 <use ej2.png>
Package pdftex.def Info: ej2.png used on input line 50.
(pdftex.def)             Requested size: 390.0pt x 230.30647pt.

<rejilla.png, id=15, 1064.97874pt x 444.66125pt>
File: rejilla.png Graphic file (type png)
 <use rejilla.png>
Package pdftex.def Info: rejilla.png used on input line 56.
(pdftex.def)             Requested size: 390.0pt x 162.83263pt.


LaTeX Warning: `h' float specifier changed to `ht'.

[2 <F:/Oscar/repos/p_tests/hoy/marcas/examen-2-css -alt2(sin float desordenados
)/ej2.png>]
LaTeX Font Info:    Try loading font information for OMS+cmr on input line 79.
 ("C:\Program Files (x86)\MiKTeX 2.9\tex\latex\base\omscmr.fd"
File: omscmr.fd 1999/05/25 v2.5h Standard LaTeX font definitions
)
LaTeX Font Info:    Font shape `OMS/cmr/m/n' in size <12> not available
(Font)              Font shape `OMS/cmsy/m/n' tried instead on input line 79.

[3 <F:/Oscar/repos/p_tests/hoy/marcas/examen-2-css -alt2(sin float desordenados
)/rejilla.png>] <ej31.png, id=26, 577.15625pt x 396.48125pt>
File: ej31.png Graphic file (type png)
 <use ej31.png>
Package pdftex.def Info: ej31.png used on input line 84.
(pdftex.def)             Requested size: 312.00119pt x 214.33867pt.

<ej32.png, id=27, 1271.75125pt x 521.95pt>
File: ej32.png Graphic file (type png)
 <use ej32.png>
Package pdftex.def Info: ej32.png used on input line 90.
(pdftex.def)             Requested size: 390.0pt x 160.0666pt.
 [4 <F:/Oscar/repos/p_tests/hoy/marcas/examen-2-css -alt2(sin float desordenado
s)/ej31.png> <F:/Oscar/repos/p_tests/hoy/marcas/examen-2-css -alt2(sin float de
sordenados)/ej32.png>] [5] [6]
("F:\Oscar\repos\p_tests\hoy\marcas\examen-2-css -alt2(sin float desordenados)\
ClaseExamen.aux") ) 
Here is how much of TeX's memory you used:
 2122 strings out of 493921
 28307 string characters out of 3144867
 87257 words of memory out of 3000000
 5413 multiletter control sequences out of 15000+200000
 7500 words of font info for 27 fonts, out of 3000000 for 9000
 841 hyphenation exceptions out of 8191
 34i,6n,29p,245b,236s stack positions out of 5000i,500n,10000p,200000b,50000s
<C:/Program Files (x86)/MiKTeX 2.9/fonts/type1/public/amsfon
ts/cm/cmbx12.pfb><C:/Program Files (x86)/MiKTeX 2.9/fonts/type1/public/amsfonts
/cm/cmcsc10.pfb><C:/Program Files (x86)/MiKTeX 2.9/fonts/type1/public/amsfonts/
cm/cmr10.pfb><C:/Program Files (x86)/MiKTeX 2.9/fonts/type1/public/amsfonts/cm/
cmr12.pfb><C:/Program Files (x86)/MiKTeX 2.9/fonts/type1/public/amsfonts/cm/cms
y10.pfb><C:/Program Files (x86)/MiKTeX 2.9/fonts/type1/public/amsfonts/cm/cmti1
2.pfb><C:/Program Files (x86)/MiKTeX 2.9/fonts/type1/public/amsfonts/cm/cmtt12.
pfb><C:/Program Files (x86)/MiKTeX 2.9/fonts/type1/public/amsfonts/latxfont/lci
rcle1.pfb>
Output written on ClaseExamen.pdf (6 pages, 545893 bytes).
PDF statistics:
 65 PDF objects out of 1000 (max. 8388607)
 0 named destinations out of 1000 (max. 500000)
 31 words of extra memory for PDF output out of 10000 (max. 10000000)

